# JRE version: Java(TM) SE Runtime Environment (8.0_162-b12) (build 1.8.0_162-b12)
# Java VM: Java HotSpot(TM) 64-Bit Server VM (25.162-b12 mixed mode linux-amd64 compressed oops)
Heap:
 garbage-first heap   total 207872K, used 96176K [0x00000000f0000000, 0x00000000f0100658, 0x0000000100000000)
  region size 1024K, 37 young (37888K), 9 survivors (9216K)
 Metaspace       used 93096K, capacity 101790K, committed 102096K, reserved 1136640K
  class space    used 11542K, capacity 14001K, committed 14036K, reserved 1048576K
GC Heap History (10 events):
Event: 10.270 GC heap before
{Heap before GC invocations=31 (full 0):
 garbage-first heap   total 176128K, used 148644K [0x00000000f0000000, 0x00000000f0100560, 0x0000000100000000)
  region size 1024K, 89 young (91136K), 2 survivors (2048K)
 Metaspace       used 82845K, capacity 90368K, committed 90576K, reserved 1128448K
  class space    used 10146K, capacity 12439K, committed 12500K, reserved 1048576K
Event: 10.274 GC heap after
Heap after GC invocations=32 (full 0):
 garbage-first heap   total 193536K, used 60183K [0x00000000f0000000, 0x00000000f01005e8, 0x0000000100000000)
  region size 1024K, 1 young (1024K), 1 survivors (1024K)
 Metaspace       used 82845K, capacity 90368K, committed 90576K, reserved 1128448K
  class space    used 10146K, capacity 12439K, committed 12500K, reserved 1048576K
}
Event: 24.061 GC heap before
{Heap before GC invocations=32 (full 0):
 garbage-first heap   total 193536K, used 170650K [0x00000000f0000000, 0x00000000f01005e8, 0x0000000100000000)
  region size 1024K, 106 young (108544K), 1 survivors (1024K)
 Metaspace       used 84095K, capacity 91902K, committed 91984K, reserved 1128448K
  class space    used 10300K, capacity 12581K, committed 12628K, reserved 1048576K
Event: 24.067 GC heap after
Heap after GC invocations=33 (full 0):
 garbage-first heap   total 207872K, used 63350K [0x00000000f0000000, 0x00000000f0100658, 0x0000000100000000)
  region size 1024K, 4 young (4096K), 4 survivors (4096K)
 Metaspace       used 84095K, capacity 91902K, committed 91984K, reserved 1128448K
  class space    used 10300K, capacity 12581K, committed 12628K, reserved 1048576K
}
Event: 62.441 GC heap before
{Heap before GC invocations=33 (full 0):
 garbage-first heap   total 207872K, used 180086K [0x00000000f0000000, 0x00000000f0100658, 0x0000000100000000)
  region size 1024K, 118 young (120832K), 4 survivors (4096K)
 Metaspace       used 84285K, capacity 92100K, committed 92240K, reserved 1128448K
  class space    used 10313K, capacity 12582K, committed 12628K, reserved 1048576K
Event: 62.447 GC heap after
Heap after GC invocations=34 (full 0):
 garbage-first heap   total 207872K, used 62993K [0x00000000f0000000, 0x00000000f0100658, 0x0000000100000000)
  region size 1024K, 4 young (4096K), 4 survivors (4096K)
 Metaspace       used 84285K, capacity 92100K, committed 92240K, reserved 1128448K
  class space    used 10313K, capacity 12582K, committed 12628K, reserved 1048576K
}
Event: 92.724 GC heap before
{Heap before GC invocations=34 (full 0):
 garbage-first heap   total 207872K, used 180753K [0x00000000f0000000, 0x00000000f0100658, 0x0000000100000000)
  region size 1024K, 119 young (121856K), 4 survivors (4096K)
 Metaspace       used 90449K, capacity 98914K, committed 99280K, reserved 1134592K
  class space    used 11231K, capacity 13684K, committed 13780K, reserved 1048576K
Event: 92.734 GC heap after
Heap after GC invocations=35 (full 0):
 garbage-first heap   total 207872K, used 72471K [0x00000000f0000000, 0x00000000f0100658, 0x0000000100000000)
  region size 1024K, 13 young (13312K), 13 survivors (13312K)
 Metaspace       used 90449K, capacity 98914K, committed 99280K, reserved 1134592K
  class space    used 11231K, capacity 13684K, committed 13780K, reserved 1048576K
}
Event: 122.363 GC heap before
{Heap before GC invocations=35 (full 0):
 garbage-first heap   total 207872K, used 171799K [0x00000000f0000000, 0x00000000f0100658, 0x0000000100000000)
  region size 1024K, 110 young (112640K), 13 survivors (13312K)
 Metaspace       used 91400K, capacity 100066K, committed 100432K, reserved 1136640K
  class space    used 11341K, capacity 13786K, committed 13908K, reserved 1048576K
Event: 122.372 GC heap after
Heap after GC invocations=36 (full 0):
 garbage-first heap   total 207872K, used 68528K [0x00000000f0000000, 0x00000000f0100658, 0x0000000100000000)
  region size 1024K, 9 young (9216K), 9 survivors (9216K)
 Metaspace       used 91400K, capacity 100066K, committed 100432K, reserved 1136640K
  class space    used 11341K, capacity 13786K, committed 13908K, reserved 1048576K
}

